<?xml version="1.0" encoding="UTF-8"?>
<testng-results ignored="0" total="13" passed="13" failed="0" skipped="0">
  <reporter-output>
  </reporter-output>
  <suite started-at="2020-09-15T17:52:23 IST" name="Suite" finished-at="2020-09-15T17:55:52 IST" duration-ms="209131">
    <groups>
    </groups>
    <test started-at="2020-09-15T17:52:23 IST" name="Test" finished-at="2020-09-15T17:55:52 IST" duration-ms="209131">
      <class name="test.Soploginfree">
        <test-method is-config="true" signature="beforeTest()[pri:0, instance:test.Soploginfree@37d4349f]" started-at="2020-09-15T17:52:23 IST" name="beforeTest" finished-at="2020-09-15T17:52:23 IST" duration-ms="13" status="PASS">
          <reporter-output>
          </reporter-output>
        </test-method> <!-- beforeTest -->
        <test-method is-config="true" signature="beforeClass()[pri:0, instance:test.Soploginfree@37d4349f]" started-at="2020-09-15T17:52:23 IST" name="beforeClass" finished-at="2020-09-15T17:52:52 IST" duration-ms="29669" status="PASS">
          <reporter-output>
          </reporter-output>
        </test-method> <!-- beforeClass -->
        <test-method signature="Bothvalue()[pri:0, instance:test.Soploginfree@37d4349f]" started-at="2020-09-15T17:52:53 IST" name="Bothvalue" finished-at="2020-09-15T17:53:09 IST" duration-ms="16987" status="PASS">
          <reporter-output>
          </reporter-output>
        </test-method> <!-- Bothvalue -->
        <test-method signature="Email()[pri:1, instance:test.Soploginfree@37d4349f]" started-at="2020-09-15T17:53:10 IST" name="Email" finished-at="2020-09-15T17:53:15 IST" duration-ms="5453" status="PASS">
          <reporter-output>
          </reporter-output>
        </test-method> <!-- Email -->
        <test-method signature="Emailneg()[pri:2, instance:test.Soploginfree@37d4349f]" started-at="2020-09-15T17:53:15 IST" name="Emailneg" finished-at="2020-09-15T17:53:21 IST" duration-ms="6333" status="PASS">
          <reporter-output>
          </reporter-output>
        </test-method> <!-- Emailneg -->
        <test-method signature="Mobile()[pri:3, instance:test.Soploginfree@37d4349f]" started-at="2020-09-15T17:53:21 IST" name="Mobile" finished-at="2020-09-15T17:53:27 IST" duration-ms="6017" status="PASS">
          <reporter-output>
          </reporter-output>
        </test-method> <!-- Mobile -->
        <test-method signature="Password()[pri:4, instance:test.Soploginfree@37d4349f]" started-at="2020-09-15T17:53:27 IST" name="Password" finished-at="2020-09-15T17:53:34 IST" duration-ms="6599" status="PASS">
          <reporter-output>
          </reporter-output>
        </test-method> <!-- Password -->
        <test-method signature="Login()[pri:5, instance:test.Soploginfree@37d4349f]" started-at="2020-09-15T17:53:34 IST" name="Login" finished-at="2020-09-15T17:54:16 IST" duration-ms="41998" status="PASS">
          <reporter-output>
          </reporter-output>
        </test-method> <!-- Login -->
        <test-method signature="Bothvalue1()[pri:6, instance:test.Soploginfree@37d4349f]" started-at="2020-09-15T17:54:16 IST" name="Bothvalue1" finished-at="2020-09-15T17:54:32 IST" duration-ms="16048" status="PASS">
          <reporter-output>
          </reporter-output>
        </test-method> <!-- Bothvalue1 -->
        <test-method signature="Email1()[pri:7, instance:test.Soploginfree@37d4349f]" started-at="2020-09-15T17:54:32 IST" name="Email1" finished-at="2020-09-15T17:54:43 IST" duration-ms="11011" status="PASS">
          <reporter-output>
          </reporter-output>
        </test-method> <!-- Email1 -->
        <test-method signature="Emailneg1()[pri:8, instance:test.Soploginfree@37d4349f]" started-at="2020-09-15T17:54:43 IST" name="Emailneg1" finished-at="2020-09-15T17:54:54 IST" duration-ms="11042" status="PASS">
          <reporter-output>
          </reporter-output>
        </test-method> <!-- Emailneg1 -->
        <test-method signature="Pw1()[pri:9, instance:test.Soploginfree@37d4349f]" started-at="2020-09-15T17:54:54 IST" name="Pw1" finished-at="2020-09-15T17:55:00 IST" duration-ms="6392" status="PASS">
          <reporter-output>
          </reporter-output>
        </test-method> <!-- Pw1 -->
        <test-method signature="Password1()[pri:10, instance:test.Soploginfree@37d4349f]" started-at="2020-09-15T17:55:00 IST" name="Password1" finished-at="2020-09-15T17:55:06 IST" duration-ms="6058" status="PASS">
          <reporter-output>
          </reporter-output>
        </test-method> <!-- Password1 -->
        <test-method signature="Passwordneg1()[pri:11, instance:test.Soploginfree@37d4349f]" started-at="2020-09-15T17:55:06 IST" name="Passwordneg1" finished-at="2020-09-15T17:55:18 IST" duration-ms="11886" status="PASS">
          <reporter-output>
          </reporter-output>
        </test-method> <!-- Passwordneg1 -->
        <test-method signature="Login1()[pri:12, instance:test.Soploginfree@37d4349f]" started-at="2020-09-15T17:55:18 IST" name="Login1" finished-at="2020-09-15T17:55:52 IST" duration-ms="33528" status="PASS">
          <reporter-output>
          </reporter-output>
        </test-method> <!-- Login1 -->
        <test-method is-config="true" signature="afterClass()[pri:0, instance:test.Soploginfree@37d4349f]" started-at="2020-09-15T17:55:52 IST" name="afterClass" finished-at="2020-09-15T17:55:52 IST" duration-ms="0" status="PASS">
          <reporter-output>
          </reporter-output>
        </test-method> <!-- afterClass -->
        <test-method is-config="true" signature="afterTest()[pri:0, instance:test.Soploginfree@37d4349f]" started-at="2020-09-15T17:55:52 IST" name="afterTest" finished-at="2020-09-15T17:55:52 IST" duration-ms="1" status="PASS">
          <reporter-output>
          </reporter-output>
        </test-method> <!-- afterTest -->
      </class> <!-- test.Soploginfree -->
    </test> <!-- Test -->
  </suite> <!-- Suite -->
</testng-results>
