<?xml version="1.0" encoding="UTF-8"?>
<!-- Generated by org.testng.reporters.JUnitXMLReporter -->
<testsuite ignored="0" hostname="LAPTOP-ARRH8E98" failures="0" tests="13" name="Test" time="209.131" errors="0" timestamp="2020-09-15T17:55:52 IST">
  <testcase classname="test.Sopregifree" name="Bothvalue" time="16.987"/>
  <testcase classname="test.Sopregifree" name="Email" time="5.453"/>
  <testcase classname="test.Sopregifree" name="Emailneg" time="6.333"/>
  <testcase classname="test.Sopregifree" name="Mobile" time="6.017"/>
  <testcase classname="test.Sopregifree" name="Password" time="6.599"/>
  <testcase classname="test.Sopregifree" name="Login" time="41.998"/>
  <testcase classname="test.Soploginfree" name="Bothvalue1" time="16.048"/>
  <testcase classname="test.Soploginfree" name="Email1" time="11.011"/>
  <testcase classname="test.Soploginfree" name="Emailneg1" time="11.042"/>
  <testcase classname="test.Soploginfree" name="Pw1" time="6.392"/>
  <testcase classname="test.Soploginfree" name="Password1" time="6.058"/>
  <testcase classname="test.Soploginfree" name="Passwordneg1" time="11.886"/>
  <testcase classname="test.Soploginfree" name="Login1" time="33.528"/>
</testsuite> <!-- Test -->
