<?xml version="1.0" encoding="UTF-8"?>
<!-- Generated by org.testng.reporters.JUnitXMLReporter -->
<testsuite hostname="LAPTOP-ARRH8E98" ignored="0" name="Default test" tests="13" failures="0" timestamp="2020-05-10T21:05:02 IST" time="190.884" errors="0">
  <testcase name="Bothvalue" time="21.109" classname="test.Sopregifree"/>
  <testcase name="Email" time="5.675" classname="test.Sopregifree"/>
  <testcase name="Emailneg" time="5.856" classname="test.Sopregifree"/>
  <testcase name="Mobile" time="5.636" classname="test.Sopregifree"/>
  <testcase name="Password" time="5.951" classname="test.Sopregifree"/>
  <testcase name="Login" time="42.216" classname="test.Sopregifree"/>
  <testcase name="Bothvalue1" time="10.417" classname="test.Soploginfree"/>
  <testcase name="Email1" time="10.572" classname="test.Soploginfree"/>
  <testcase name="Emailneg1" time="10.943" classname="test.Soploginfree"/>
  <testcase name="Pw1" time="5.65" classname="test.Soploginfree"/>
  <testcase name="Password1" time="5.724" classname="test.Soploginfree"/>
  <testcase name="Passwordneg1" time="11.637" classname="test.Soploginfree"/>
  <testcase name="Login1" time="28.618" classname="test.Soploginfree"/>
</testsuite> <!-- Default test -->
